{"level":"INFO","timestamp":"2025-01-08T00:10:09.162+0800","caller":"runtime/proc.go:272","msg":"服务启动完毕"}
{"level":"INFO","timestamp":"2025-01-08T00:19:35.699+0800","caller":"runtime/proc.go:272","msg":"服务启动完毕"}
{"level":"INFO","timestamp":"2025-01-08T00:26:01.285+0800","caller":"runtime/proc.go:272","msg":"服务启动完毕"}
{"level":"INFO","timestamp":"2025-01-08T00:30:36.293+0800","caller":"runtime/proc.go:272","msg":"server run mode","mode":"debug"}
{"level":"INFO","timestamp":"2025-01-08T00:31:03.675+0800","caller":"runtime/asm_arm64.s:1223","msg":"server run mode","mode":"debug"}
{"level":"INFO","timestamp":"2025-01-08T00:41:08.400+0800","caller":"runtime/proc.go:272","msg":"Starting service %!s(int=8080)"}
{"level":"INFO","timestamp":"2025-01-08T00:43:24.469+0800","msg":"Starting service %!s(int=8080)"}
{"level":"INFO","timestamp":"2025-01-08T00:50:14.587+0800","caller":"runtime/proc.go:272","msg":"Starting service %!s(int=8080)"}
{"level":"INFO","timestamp":"2025-01-08T00:50:37.874+0800","msg":"Starting service %!s(int=8080)"}
{"level":"INFO","timestamp":"2025-01-08T00:50:48.058+0800","msg":"Starting service %!s(int=8080)"}
{"level":"INFO","timestamp":"2025-01-08T01:00:13.803+0800","caller":"mygo/main.go:15","msg":"Starting service %!s(int=8080)"}
{"level":"INFO","timestamp":"2025-01-08T21:44:50.050+0800","caller":"mygo/main.go:15","msg":"Starting service %!s(int=8080)"}
{"level":"INFO","timestamp":"2025-01-08T21:46:11.149+0800","caller":"mygo/main.go:17","msg":"Starting service %!s(int=8080)"}
{"level":"ERROR","timestamp":"2025-01-08T21:46:11.154+0800","caller":"db/mysql.go:22","msg":"failed to open database, err: Error 1049 (42000): Unknown database 'blog_service'","stacktrace":"mygo/internal/db.NewMySQLEngine\n\t/Users/dionysus/code/GolandProjects/mygo/internal/db/mysql.go:22\nmain.main\n\t/Users/dionysus/code/GolandProjects/mygo/cmd/mygo/main.go:18\nruntime.main\n\t/opt/homebrew/opt/go/libexec/src/runtime/proc.go:272"}
{"level":"ERROR","timestamp":"2025-01-08T21:46:11.154+0800","caller":"mygo/main.go:20","msg":"failed to open database, err: Error 1049 (42000): Unknown database 'blog_service'","stacktrace":"main.main\n\t/Users/dionysus/code/GolandProjects/mygo/cmd/mygo/main.go:20\nruntime.main\n\t/opt/homebrew/opt/go/libexec/src/runtime/proc.go:272"}
{"level":"INFO","timestamp":"2025-01-08T21:51:57.344+0800","caller":"mygo/main.go:17","msg":"Starting service %!s(int=8080)"}
{"level":"INFO","timestamp":"2025-01-08T23:22:40.124+0800","caller":"mygo/main.go:18","msg":"Starting service %!s(int=8080)"}
{"level":"INFO","timestamp":"2025-01-09T14:55:40.709+0800","caller":"mygo/main.go:15","msg":"Starting service %!s(int=8080)"}
{"level":"INFO","timestamp":"2025-01-09T17:38:34.238+0800","caller":"mygo/main.go:23","msg":"Starting service %!s(int=8080)"}
{"level":"INFO","timestamp":"2025-01-09T17:39:34.562+0800","caller":"db/init.go:40","msg":"数据库初始化完成并迁移表成功"}
{"level":"INFO","timestamp":"2025-01-09T17:39:34.562+0800","caller":"mygo/main.go:25","msg":"Starting service %!s(int=8080)"}
{"level":"INFO","timestamp":"2025-01-09T17:39:45.233+0800","caller":"db/init.go:40","msg":"数据库初始化完成并迁移表成功"}
{"level":"INFO","timestamp":"2025-01-09T17:39:45.233+0800","caller":"mygo/main.go:25","msg":"Starting service %!s(int=8080)"}
{"level":"INFO","timestamp":"2025-01-09T19:53:35.279+0800","caller":"db/mysql.go:40","msg":"数据库初始化完成并迁移表成功"}
{"level":"INFO","timestamp":"2025-01-09T19:53:35.279+0800","caller":"util/init.go:23","msg":"系统初始化完成"}
{"level":"INFO","timestamp":"2025-01-09T19:55:22.608+0800","caller":"db/mysql.go:40","msg":"数据库初始化完成并迁移表成功"}
{"level":"INFO","timestamp":"2025-01-09T19:55:22.608+0800","caller":"util/init.go:23","msg":"系统初始化完成"}
{"level":"INFO","timestamp":"2025-01-09T19:56:14.684+0800","caller":"db/mysql.go:40","msg":"数据库初始化完成并迁移表成功"}
{"level":"INFO","timestamp":"2025-01-09T19:56:14.684+0800","caller":"util/init.go:23","msg":"系统初始化完成"}
{"level":"INFO","timestamp":"2025-01-09T19:56:43.527+0800","caller":"db/mysql.go:40","msg":"数据库初始化完成并迁移表成功"}
{"level":"INFO","timestamp":"2025-01-09T19:56:43.527+0800","caller":"util/init.go:23","msg":"系统初始化完成"}
{"level":"INFO","timestamp":"2025-01-09T19:57:44.265+0800","caller":"db/mysql.go:40","msg":"数据库初始化完成并迁移表成功"}
{"level":"INFO","timestamp":"2025-01-09T19:57:44.265+0800","caller":"util/init.go:23","msg":"系统初始化完成"}
{"level":"INFO","timestamp":"2025-01-09T20:05:53.873+0800","caller":"db/mysql.go:40","msg":"数据库初始化完成并迁移表成功"}
{"level":"INFO","timestamp":"2025-01-09T20:05:53.873+0800","caller":"util/init.go:23","msg":"系统初始化完成"}
{"level":"INFO","timestamp":"2025-01-09T20:06:15.222+0800","caller":"db/mysql.go:40","msg":"数据库初始化完成并迁移表成功"}
{"level":"INFO","timestamp":"2025-01-09T20:06:15.222+0800","caller":"util/init.go:23","msg":"系统初始化完成"}
{"level":"INFO","timestamp":"2025-01-09T20:10:16.068+0800","caller":"db/mysql.go:40","msg":"数据库初始化完成并迁移表成功"}
{"level":"INFO","timestamp":"2025-01-09T20:10:16.069+0800","caller":"util/init.go:23","msg":"系统初始化完成"}
{"level":"INFO","timestamp":"2025-01-09T20:13:07.130+0800","caller":"db/mysql.go:40","msg":"数据库初始化完成并迁移表成功"}
{"level":"INFO","timestamp":"2025-01-09T20:13:07.130+0800","caller":"util/init.go:23","msg":"系统初始化完成"}
{"level":"INFO","timestamp":"2025-01-09T20:13:17.927+0800","caller":"db/mysql.go:40","msg":"数据库初始化完成并迁移表成功"}
{"level":"INFO","timestamp":"2025-01-09T20:13:17.928+0800","caller":"util/init.go:23","msg":"系统初始化完成"}
{"level":"INFO","timestamp":"2025-01-09T20:13:41.077+0800","caller":"db/mysql.go:40","msg":"数据库初始化完成并迁移表成功"}
{"level":"INFO","timestamp":"2025-01-09T20:13:41.077+0800","caller":"util/init.go:23","msg":"系统初始化完成"}
{"level":"INFO","timestamp":"2025-01-09T20:16:16.929+0800","caller":"db/mysql.go:40","msg":"数据库初始化完成并迁移表成功"}
{"level":"INFO","timestamp":"2025-01-09T20:16:16.929+0800","caller":"util/init.go:23","msg":"系统初始化完成"}
{"level":"INFO","timestamp":"2025-01-09T20:19:06.015+0800","caller":"db/mysql.go:40","msg":"数据库初始化完成并迁移表成功"}
{"level":"INFO","timestamp":"2025-01-09T20:19:06.015+0800","caller":"util/init.go:23","msg":"系统初始化完成"}
{"level":"INFO","timestamp":"2025-01-09T20:20:42.932+0800","caller":"db/mysql.go:40","msg":"数据库初始化完成并迁移表成功"}
{"level":"INFO","timestamp":"2025-01-09T20:20:42.932+0800","caller":"util/init.go:23","msg":"系统初始化完成"}
{"level":"INFO","timestamp":"2025-01-09T20:26:24.927+0800","caller":"db/mysql.go:40","msg":"数据库初始化完成并迁移表成功"}
{"level":"INFO","timestamp":"2025-01-09T20:26:24.927+0800","caller":"util/init.go:23","msg":"系统初始化完成"}
{"level":"INFO","timestamp":"2025-01-09T20:26:39.260+0800","caller":"db/mysql.go:40","msg":"数据库初始化完成并迁移表成功"}
{"level":"INFO","timestamp":"2025-01-09T20:26:39.260+0800","caller":"util/init.go:23","msg":"系统初始化完成"}
{"level":"INFO","timestamp":"2025-01-09T20:26:55.134+0800","caller":"db/mysql.go:40","msg":"数据库初始化完成并迁移表成功"}
{"level":"INFO","timestamp":"2025-01-09T20:26:55.135+0800","caller":"util/init.go:23","msg":"系统初始化完成"}
{"level":"INFO","timestamp":"2025-01-09T20:27:21.628+0800","caller":"db/mysql.go:40","msg":"数据库初始化完成并迁移表成功"}
{"level":"INFO","timestamp":"2025-01-09T20:27:21.628+0800","caller":"util/init.go:23","msg":"系统初始化完成"}
{"level":"INFO","timestamp":"2025-01-09T20:29:26.817+0800","caller":"db/mysql.go:40","msg":"数据库初始化完成并迁移表成功"}
{"level":"INFO","timestamp":"2025-01-09T20:29:26.817+0800","caller":"util/init.go:23","msg":"系统初始化完成"}
{"level":"INFO","timestamp":"2025-01-09T20:31:51.665+0800","caller":"db/mysql.go:40","msg":"数据库初始化完成并迁移表成功"}
{"level":"INFO","timestamp":"2025-01-09T20:31:51.665+0800","caller":"util/init.go:23","msg":"系统初始化完成"}
{"level":"INFO","timestamp":"2025-01-09T20:35:43.682+0800","caller":"db/mysql.go:40","msg":"数据库初始化完成并迁移表成功"}
{"level":"INFO","timestamp":"2025-01-09T20:35:43.682+0800","caller":"util/init.go:23","msg":"系统初始化完成"}
{"level":"INFO","timestamp":"2025-01-09T20:37:05.070+0800","caller":"db/mysql.go:40","msg":"数据库初始化完成并迁移表成功"}
{"level":"INFO","timestamp":"2025-01-09T20:37:05.070+0800","caller":"util/init.go:23","msg":"系统初始化完成"}
{"level":"INFO","timestamp":"2025-01-09T20:37:24.846+0800","caller":"db/mysql.go:40","msg":"数据库初始化完成并迁移表成功"}
{"level":"INFO","timestamp":"2025-01-09T20:37:24.846+0800","caller":"util/init.go:23","msg":"系统初始化完成"}
{"level":"INFO","timestamp":"2025-01-09T20:38:18.264+0800","caller":"db/mysql.go:40","msg":"数据库初始化完成并迁移表成功"}
{"level":"INFO","timestamp":"2025-01-09T20:38:18.265+0800","caller":"util/init.go:23","msg":"系统初始化完成"}
{"level":"INFO","timestamp":"2025-01-09T20:38:33.842+0800","caller":"db/mysql.go:40","msg":"数据库初始化完成并迁移表成功"}
{"level":"INFO","timestamp":"2025-01-09T20:38:33.842+0800","caller":"util/init.go:23","msg":"系统初始化完成"}
{"level":"INFO","timestamp":"2025-01-09T20:39:39.253+0800","caller":"db/mysql.go:40","msg":"数据库初始化完成并迁移表成功"}
{"level":"INFO","timestamp":"2025-01-09T20:39:39.253+0800","caller":"util/init.go:23","msg":"系统初始化完成"}
